2021-06-29 18:52:46,579  INFO [main] ApplicationHooks:32 - **************Test Case Execution Started***************
2021-06-29 18:52:54,213  INFO [main] SignupPage:82 - User entered username : user_Iab4HX0wns
2021-06-29 18:52:54,377  INFO [main] SignupPage:92 - User entered email : email_40lZs5JcNR@abc.com
2021-06-29 18:52:54,514  INFO [main] SignupPage:110 - Clicked on accept signup terms checkbox
2021-06-29 18:52:58,364  INFO [main] SignupPage:129 - Clicked on Get started now button
2021-06-29 18:52:58,447  INFO [main] ApplicationHooks:40 - **************Test Case Execution End***************
2021-06-29 18:52:59,098  INFO [main] ApplicationHooks:32 - **************Test Case Execution Started***************
2021-06-29 18:53:07,233  INFO [main] SignupPage:82 - User entered username : user_UXyuzNmN4t
2021-06-29 18:53:07,309  INFO [main] SignupPage:92 - User entered email : email_LBrGS7qdjp@abc.com
2021-06-29 18:53:07,537  INFO [main] SignupPage:110 - Clicked on accept signup terms checkbox
2021-06-29 18:53:07,598  INFO [main] SignupPage:120 - Clicked on accept newsletter subscription checkbox
2021-06-29 18:53:11,072  INFO [main] SignupPage:129 - Clicked on Get started now button
2021-06-29 18:53:11,109  INFO [main] ApplicationHooks:40 - **************Test Case Execution End***************
2021-06-29 18:53:11,740  INFO [main] ApplicationHooks:32 - **************Test Case Execution Started***************
2021-06-29 18:53:20,077  INFO [main] SignupPage:184 - Clicked on signup terms with third party account
2021-06-29 18:53:20,977  INFO [main] SignupPage:190 - Clicked on continue to signup button with third party account
2021-06-29 18:53:20,989  INFO [main] ApplicationHooks:40 - **************Test Case Execution End***************
2021-06-29 18:53:21,640  INFO [main] ApplicationHooks:32 - **************Test Case Execution Started***************
2021-06-29 18:53:28,688  INFO [main] SignupPage:184 - Clicked on signup terms with third party account
2021-06-29 18:53:30,532  INFO [main] SignupPage:190 - Clicked on continue to signup button with third party account
2021-06-29 18:53:30,540  INFO [main] ApplicationHooks:40 - **************Test Case Execution End***************
2021-06-29 18:53:31,174  INFO [main] ApplicationHooks:32 - **************Test Case Execution Started***************
2021-06-29 18:53:40,167  INFO [main] SignupPage:184 - Clicked on signup terms with third party account
2021-06-29 18:53:40,658  INFO [main] SignupPage:190 - Clicked on continue to signup button with third party account
2021-06-29 18:53:40,845  INFO [main] ApplicationHooks:40 - **************Test Case Execution End***************
2021-06-29 18:53:41,555  INFO [main] ApplicationHooks:32 - **************Test Case Execution Started***************
2021-06-29 18:53:55,626  INFO [main] SignupPage:184 - Clicked on signup terms with third party account
2021-06-29 18:53:57,902  INFO [main] SignupPage:190 - Clicked on continue to signup button with third party account
2021-06-29 18:53:57,910  INFO [main] ApplicationHooks:40 - **************Test Case Execution End***************
2021-06-29 18:53:58,556  INFO [main] ApplicationHooks:32 - **************Test Case Execution Started***************
2021-06-29 18:54:07,133  INFO [main] SignupPage:184 - Clicked on signup terms with third party account
2021-06-29 18:54:09,494  INFO [main] SignupPage:190 - Clicked on continue to signup button with third party account
2021-06-29 18:54:09,502  INFO [main] ApplicationHooks:40 - **************Test Case Execution End***************
2021-06-29 18:54:10,146  INFO [main] ApplicationHooks:32 - **************Test Case Execution Started***************
2021-06-29 18:54:16,184  INFO [main] ApplicationHooks:40 - **************Test Case Execution End***************
2021-06-29 18:54:16,833  INFO [main] ApplicationHooks:32 - **************Test Case Execution Started***************
2021-06-29 18:54:25,964  INFO [main] SignupPage:82 - User entered username : user_96OqHlPTrD
2021-06-29 18:54:26,116  INFO [main] SignupPage:92 - User entered email : email_YZ5p3J4MMe@abc.com
2021-06-29 18:54:29,248  INFO [main] ApplicationHooks:40 - **************Test Case Execution End***************
2021-06-29 18:54:29,877  INFO [main] ApplicationHooks:32 - **************Test Case Execution Started***************
2021-06-29 18:54:36,994  INFO [main] SignupPage:82 - User entered username : user_6qcsY0UkXx
2021-06-29 18:54:37,127  INFO [main] SignupPage:92 - User entered email : email_rv0cgkH94h@abc.com
2021-06-29 18:54:37,370  INFO [main] ApplicationHooks:40 - **************Test Case Execution End***************
2021-06-29 18:54:38,000  INFO [main] ApplicationHooks:32 - **************Test Case Execution Started***************
2021-06-29 18:54:43,150  INFO [main] SignupPage:82 - User entered username : user_mrZbKLItgb
2021-06-29 18:54:44,526  INFO [main] ApplicationHooks:40 - **************Test Case Execution End***************
2021-06-29 18:54:45,157  INFO [main] ApplicationHooks:32 - **************Test Case Execution Started***************
2021-06-29 18:54:53,716  INFO [main] SignupPage:92 - User entered email : email_HR3SJLVGvZ@abc.com
2021-06-29 18:54:55,982  INFO [main] ApplicationHooks:40 - **************Test Case Execution End***************
2021-06-29 18:54:56,626  INFO [main] ApplicationHooks:32 - **************Test Case Execution Started***************
2021-06-29 18:55:03,123  INFO [main] ApplicationHooks:40 - **************Test Case Execution End***************
2021-06-29 18:55:03,752  INFO [main] ApplicationHooks:32 - **************Test Case Execution Started***************
2021-06-29 18:55:09,231  INFO [main] ApplicationHooks:40 - **************Test Case Execution End***************
2021-06-29 18:55:09,864  INFO [main] ApplicationHooks:32 - **************Test Case Execution Started***************
2021-06-29 18:55:16,275  INFO [main] ApplicationHooks:40 - **************Test Case Execution End***************
